2023-05-15T07:15:34.355Z  info: Server started at port 8082
2023-05-15T07:15:34.396Z  info: Database Connected
2023-05-15T07:16:13.029Z  info: LogIn Called
2023-05-15T07:17:03.123Z  info: LogOut Called
2023-05-15T07:19:01.903Z  info: LogIn Called
2023-05-15T07:20:05.647Z  error: Wrong OTP
2023-05-15T07:27:41.147Z  info: LogIn Called
2023-05-15T07:28:53.870Z  info: Room is created
2023-05-15T07:32:47.450Z  info: LogOut Called
2023-05-15T07:32:53.876Z  info: LogIn Called
2023-05-15T07:33:57.474Z  info: Successfully LoggedIn
2023-05-15T07:34:30.962Z  error: Photos added
2023-05-15T07:35:22.861Z  info: LogOut Called
2023-05-15T07:36:28.801Z  info: LogIn Called
2023-05-15T07:37:16.723Z  error: Wrong OTP
2023-05-15T07:38:16.724Z  info: Successfully LoggedIn
2023-05-15T07:39:58.613Z  info: LogIn Called
2023-05-15T07:40:26.684Z  error: Wrong OTP
2023-05-15T07:41:26.689Z  info: Successfully LoggedIn
2023-05-15T07:42:52.763Z  info: LogIn Called
2023-05-15T07:43:10.648Z  info: Successfully LoggedIn
2023-05-15T07:47:01.693Z  info: LogIn Called
2023-05-15T08:08:17.950Z  info: LogIn Called
2023-05-15T08:51:12.844Z  info: LogIn Called
2023-05-15T08:51:16.719Z  info: Successfully LoggedIn
2023-05-15T10:00:21.427Z  info: LogIn Called
2023-05-15T10:00:26.116Z  info: Successfully LoggedIn
2023-05-15T10:02:38.991Z  info: Photo is added
2023-05-15T10:02:55.681Z  info: Room is created
2023-05-15T10:03:03.558Z  info: LogOut Called
2023-05-15T10:03:11.530Z  info: LogIn Called
2023-05-15T10:03:15.619Z  info: Successfully LoggedIn
2023-05-15T10:05:23.578Z  info: Photo is added
2023-05-15T10:06:12.302Z  info: Room is created
2023-05-15T10:06:22.975Z  info: LogOut Called
2023-05-15T10:06:48.532Z  info: LogIn Called
2023-05-15T10:06:52.467Z  info: Successfully LoggedIn
2023-05-15T10:08:05.693Z  info: Photo is added
2023-05-15T10:08:21.099Z  info: Room is created
2023-05-15T10:08:41.157Z  info: Room is created
2023-05-15T10:09:18.321Z  info: LogOut Called
2023-05-15T10:09:36.927Z  info: LogIn Called
2023-05-15T10:09:42.657Z  info: Successfully LoggedIn
2023-05-15T10:10:14.362Z  info: Photo is added
2023-05-15T10:11:30.978Z  info: Room is created
2023-05-15T10:12:07.511Z  info: LogOut Called
2023-05-15T10:12:41.438Z  info: LogIn Called
2023-05-15T10:12:45.750Z  info: Successfully LoggedIn
2023-05-15T10:13:46.970Z  info: Photo is added
2023-05-15T10:14:11.337Z  info: Room is created
2023-05-15T10:14:23.734Z  info: LogOut Called
2023-05-15T10:14:55.912Z  info: LogIn Called
2023-05-15T10:14:59.579Z  info: Successfully LoggedIn
2023-05-15T10:16:21.412Z  info: Photo is added
2023-05-15T10:17:16.703Z  info: Room is created
2023-05-15T10:17:33.542Z  info: LogOut Called
2023-05-15T10:18:46.152Z  info: LogIn Called
2023-05-15T10:18:50.009Z  info: Successfully LoggedIn
2023-05-15T10:20:16.913Z  info: Photo is added
2023-05-15T10:21:02.604Z  info: Room is created
2023-05-15T10:30:23.280Z  info: LogOut Called
2023-05-15T10:31:02.461Z  info: LogIn Called
2023-05-15T10:31:07.816Z  info: Successfully LoggedIn
2023-05-15T10:36:09.126Z  info: Photo is added
2023-05-15T10:36:32.332Z  info: Room is created
2023-05-15T10:36:41.087Z  info: LogOut Called
2023-05-15T10:38:19.606Z  info: LogIn Called
2023-05-15T10:38:24.502Z  info: Successfully LoggedIn
2023-05-15T10:41:24.933Z  info: LogIn Called
2023-05-15T10:44:11.755Z  info: Photo is added
2023-05-15T10:44:42.087Z  info: Room is created
2023-05-15T10:44:47.938Z  info: LogOut Called
2023-05-15T10:46:47.395Z  info: LogIn Called
2023-05-15T10:46:50.961Z  info: Successfully LoggedIn
2023-05-15T10:47:49.664Z  info: Photo is added
2023-05-15T10:49:39.636Z  info: Room is created
2023-05-15T10:54:23.835Z  info: LogOut Called
2023-05-15T10:54:46.358Z  info: LogIn Called
2023-05-15T10:54:49.978Z  info: Successfully LoggedIn
2023-05-15T10:56:19.187Z  info: Photo is added
2023-05-15T10:56:37.819Z  info: Room is created
2023-05-15T10:56:41.688Z  info: LogOut Called